mode: set
acp-iam-api/business/users/users.go:24.57,32.2 1 1
acp-iam-api/business/users/users.go:35.104,42.2 1 1
acp-iam-api/business/users/service.go:16.48,20.2 1 1
acp-iam-api/business/users/service.go:22.37,26.2 3 1
acp-iam-api/business/users/service.go:28.49,31.16 2 1
acp-iam-api/business/users/service.go:35.2,35.19 1 1
acp-iam-api/business/users/service.go:31.16,33.3 1 0
acp-iam-api/business/users/service.go:38.66,41.16 2 1
acp-iam-api/business/users/service.go:45.2,45.30 1 1
acp-iam-api/business/users/service.go:41.16,43.3 1 1
acp-iam-api/business/users/service.go:48.70,52.2 2 1
acp-iam-api/business/users/service.go:54.87,57.16 2 1
acp-iam-api/business/users/service.go:63.2,65.52 2 1
acp-iam-api/business/users/service.go:57.16,59.3 1 0
acp-iam-api/business/users/service.go:59.8,59.29 1 1
acp-iam-api/business/users/service.go:59.29,61.3 1 0
acp-iam-api/business/users/service.go:68.45,70.2 1 1
acp-iam-api/business/users/service.go:72.71,77.16 3 1
acp-iam-api/business/users/service.go:81.2,81.19 1 1
acp-iam-api/business/users/service.go:77.16,79.3 1 1
acp-iam-api/business/users/service.go:84.79,88.2 2 1
acp-iam-api/business/users/service.go:90.53,92.2 1 1
acp-iam-api/business/roles/roles.go:21.49,26.2 1 1
acp-iam-api/business/roles/roles.go:29.75,34.2 1 1
acp-iam-api/business/roles/service.go:12.48,16.2 1 1
acp-iam-api/business/roles/service.go:19.49,22.16 2 1
acp-iam-api/business/roles/service.go:26.2,26.19 1 1
acp-iam-api/business/roles/service.go:22.16,24.3 1 1
acp-iam-api/business/roles/service.go:30.61,32.2 1 1
acp-iam-api/business/roles/service.go:35.52,38.16 2 1
acp-iam-api/business/roles/service.go:42.2,42.18 1 1
acp-iam-api/business/roles/service.go:38.16,40.3 1 1
acp-iam-api/business/roles/service.go:46.73,49.16 2 1
acp-iam-api/business/roles/service.go:55.2,57.51 2 1
acp-iam-api/business/roles/service.go:49.16,51.3 1 1
acp-iam-api/business/roles/service.go:51.8,51.29 1 1
acp-iam-api/business/roles/service.go:51.29,53.3 1 0
acp-iam-api/business/roles/service.go:60.45,62.2 1 1
